<?xml version="1.0" encoding="UTF-8"?>
<!-- Generated by org.testng.reporters.JUnitReportReporter -->
<testsuite hostname="DESKTOP-EH5NPGG" failures="0" tests="1" name="com.hcl.Demo1" time="0.033" errors="0" timestamp="2023-08-04T21:59:01 IST" skipped="0">
  <testcase classname="com.hcl.Demo1" name="tc1" time="0.033"/>
</testsuite> <!-- com.hcl.Demo1 -->
