<?xml version="1.0" encoding="UTF-8"?>
<!-- Generated by org.testng.reporters.JUnitReportReporter -->
<testsuite hostname="DESKTOP-EH5NPGG" failures="0" tests="3" name="com.hcl.Demo6" time="2.044" errors="0" timestamp="2023-08-11T21:48:08 IST" skipped="0">
  <testcase classname="com.hcl.Demo6" name="tc2" time="2.037"/>
  <testcase classname="com.hcl.Demo6" name="tc1" time="0.004"/>
  <testcase classname="com.hcl.Demo6" name="tc3" time="0.003"/>
</testsuite> <!-- com.hcl.Demo6 -->
