<?xml version="1.0" encoding="UTF-8"?>
<!-- Generated by org.testng.reporters.JUnitReportReporter -->
<testsuite hostname="DESKTOP-EH5NPGG" failures="0" tests="5" name="com.hcl.Demo4" time="0.088" errors="0" timestamp="2023-08-17T21:20:26 IST" skipped="0">
  <testcase classname="com.hcl.Demo4" name="tc3" time="0.004"/>
  <testcase classname="com.hcl.Demo4" name="tc3" time="0.027"/>
  <testcase classname="com.hcl.Demo4" name="tc3" time="0.005"/>
  <testcase classname="com.hcl.Demo4" name="tc3" time="0.008"/>
  <testcase classname="com.hcl.Demo4" name="tc3" time="0.044"/>
</testsuite> <!-- com.hcl.Demo4 -->
