<?xml version="1.0" encoding="UTF-8"?>
<!-- Generated by org.testng.reporters.JUnitReportReporter -->
<testsuite hostname="DESKTOP-EH5NPGG" failures="0" tests="4" name="com.hcl.TestNGGroup" time="0.030" errors="0" timestamp="2023-08-27T19:35:01 IST" skipped="0">
  <testcase classname="com.hcl.TestNGGroup" name="tc4" time="0.004"/>
  <testcase classname="com.hcl.TestNGGroup" name="tc3" time="0.004"/>
  <testcase classname="com.hcl.TestNGGroup" name="tc1" time="0.015"/>
  <testcase classname="com.hcl.TestNGGroup" name="tc2" time="0.007"/>
</testsuite> <!-- com.hcl.TestNGGroup -->
