<?xml version="1.0" encoding="UTF-8"?>
<!-- Generated by org.testng.reporters.JUnitReportReporter -->
<testsuite hostname="DESKTOP-EH5NPGG" failures="0" tests="3" name="com.hcl.Demo3" time="0.040" errors="0" timestamp="2023-08-11T21:26:45 IST" skipped="1">
  <testcase classname="com.hcl.Demo3" name="tc1" time="0.029"/>
  <testcase classname="com.hcl.Demo3" name="tc3" time="0.011"/>
  <testcase classname="com.hcl.Demo3" name="tc2">
    <skipped/>
  </testcase> <!-- tc2 -->
</testsuite> <!-- com.hcl.Demo3 -->
