<?xml version="1.0" encoding="UTF-8"?>
<!-- Generated by org.testng.reporters.JUnitReportReporter -->
<testsuite hostname="DESKTOP-EH5NPGG" failures="0" tests="3" name="com.hcl.Demo5" time="2.050" errors="0" timestamp="2023-08-11T21:40:19 IST" skipped="0">
  <testcase classname="com.hcl.Demo5" name="tc3" time="0.008"/>
  <testcase classname="com.hcl.Demo5" name="tc1" time="0.024"/>
  <testcase classname="com.hcl.Demo5" name="tc2" time="2.018"/>
</testsuite> <!-- com.hcl.Demo5 -->
